<?xml version="1.0" encoding="UTF-8"?>
<testsuites name="Tests" time="68.572" tests="5" failures="0" errors="0">
   <testsuite name="Tests" tests="5" failures="0" errors="0" time="68.572" timestamp="2020-09-26 21:39:39" hostname="Admin - 192.168.161.1" id="Test Suites/Tests">
      <properties>
         <property name="deviceName" value=""/>
         <property name="devicePlatform" value=""/>
         <property name="logFolder" value="C:\\Users\\Admin\\Katalon Studio\\PJ1\\Reports\\20200926_213926\\Tests\\20200926_213926"/>
         <property name="logFiles" value="C:\\Users\\Admin\\Katalon Studio\\PJ1\\Reports\\20200926_213926\\Tests\\20200926_213926\\execution0.log"/>
         <property name="attachments" value=""/>
         <property name="hostName" value="Admin - 192.168.161.1"/>
         <property name="os" value="Windows 10 64bit"/>
         <property name="katalonVersion" value="7.7.1.205"/>
         <property name="browser" value="Chrome 85.0.4183.121"/>
         <property name="hostAddress" value="192.168.161.1"/>
         <property name="sessionId" value="1ab47dfa6f5e3cd3b8f2fc0f34dcc69a"/>
         <property name="seleniumVersion" value="3.141.59"/>
         <property name="proxyInformation" value="ProxyInformation { proxyOption=NO_PROXY, proxyServerType=HTTP, username=, password=********, proxyServerAddress=, proxyServerPort=0, executionList=&quot;&quot;, isApplyToDesiredCapabilities=true }"/>
         <property name="platform" value="Windows 10"/>
      </properties>
      <testcase name="Test Cases/TC_1" time="14.074" classname="Test Cases/TC_1" status="PASSED">
         <system-out><![CDATA[2020-09-26 21:39:40 - [TEST_CASE][PASSED] - Test Cases/TC_1: Test Cases/TC_1

2020-09-26 21:39:40 - [TEST_STEP][PASSED] - openBrowser(""): Browser is opened with url: ''

2020-09-26 21:39:41 - [MESSAGE][INFO] - Starting 'Chrome' driver

2020-09-26 21:39:41 - [MESSAGE][INFO] - Action delay is set to 0 milliseconds

2020-09-26 21:39:46 - [MESSAGE][PASSED] - Browser is opened with url: ''

2020-09-26 21:39:46 - [TEST_STEP][PASSED] - navigateToUrl("https://katalon-demo-cura.herokuapp.com/"): Navigate to 'https://katalon-demo-cura.herokuapp.com/' successfully

2020-09-26 21:39:50 - [MESSAGE][PASSED] - Navigate to 'https://katalon-demo-cura.herokuapp.com/' successfully

2020-09-26 21:39:50 - [TEST_STEP][PASSED] - click(findTestObject("Object Repository/Page_CURA Healthcare Service/a_Make Appointment")): Object: 'Object Repository/Page_CURA Healthcare Service/a_Make Appointment' is clicked on

2020-09-26 21:39:51 - [MESSAGE][PASSED] - Object: 'Object Repository/Page_CURA Healthcare Service/a_Make Appointment' is clicked on

2020-09-26 21:39:51 - [TEST_STEP][PASSED] - setText(findTestObject("Object Repository/Page_CURA Healthcare Service/input_Username_username"), "John Doe"): Text 'John Doe' is set on object 'Object Repository/Page_CURA Healthcare Service/input_Username_username'

2020-09-26 21:39:51 - [MESSAGE][PASSED] - Text 'John Doe' is set on object 'Object Repository/Page_CURA Healthcare Service/input_Username_username'

2020-09-26 21:39:51 - [TEST_STEP][PASSED] - setEncryptedText(findTestObject("Object Repository/Page_CURA Healthcare Service/input_Password_password"), "g3/DOGG74jC3Flrr3yH+3D/yKbOqqUNM"): Text ****** has been set on object 'Object Repository/Page_CURA Healthcare Service/input_Password_password'

2020-09-26 21:39:52 - [MESSAGE][PASSED] - Text ****** has been set on object 'Object Repository/Page_CURA Healthcare Service/input_Password_password'

2020-09-26 21:39:52 - [TEST_STEP][PASSED] - click(findTestObject("Object Repository/Page_CURA Healthcare Service/button_Login")): Object: 'Object Repository/Page_CURA Healthcare Service/button_Login' is clicked on

2020-09-26 21:39:53 - [MESSAGE][PASSED] - Object: 'Object Repository/Page_CURA Healthcare Service/button_Login' is clicked on

2020-09-26 21:39:53 - [TEST_STEP][PASSED] - closeBrowser(): Browser is closed

2020-09-26 21:39:54 - [MESSAGE][PASSED] - Browser is closed]]></system-out>
         <system-err><![CDATA[]]></system-err>
      </testcase>
      <testcase name="Test Cases/TC_2" time="10.809" classname="Test Cases/TC_2" status="PASSED">
         <system-out><![CDATA[2020-09-26 21:39:54 - [TEST_CASE][PASSED] - Test Cases/TC_2: Test Cases/TC_2

2020-09-26 21:39:54 - [TEST_STEP][PASSED] - openBrowser(""): Browser is opened with url: ''

2020-09-26 21:39:54 - [MESSAGE][INFO] - Starting 'Chrome' driver

2020-09-26 21:39:54 - [MESSAGE][INFO] - Action delay is set to 0 milliseconds

2020-09-26 21:39:57 - [MESSAGE][PASSED] - Browser is opened with url: ''

2020-09-26 21:39:57 - [TEST_STEP][PASSED] - navigateToUrl("https://katalon-demo-cura.herokuapp.com/"): Navigate to 'https://katalon-demo-cura.herokuapp.com/' successfully

2020-09-26 21:40:00 - [MESSAGE][PASSED] - Navigate to 'https://katalon-demo-cura.herokuapp.com/' successfully

2020-09-26 21:40:00 - [TEST_STEP][PASSED] - click(findTestObject("Object Repository/Page_CURA Healthcare Service/Page_CURA Healthcare Service/a_Make Appointment")): Object: 'Object Repository/Page_CURA Healthcare Service/Page_CURA Healthcare Service/a_Make Appointment' is clicked on

2020-09-26 21:40:01 - [MESSAGE][PASSED] - Object: 'Object Repository/Page_CURA Healthcare Service/Page_CURA Healthcare Service/a_Make Appointment' is clicked on

2020-09-26 21:40:01 - [TEST_STEP][PASSED] - setText(findTestObject("Object Repository/Page_CURA Healthcare Service/Page_CURA Healthcare Service/input_Username_username"), "John Doe"): Text 'John Doe' is set on object 'Object Repository/Page_CURA Healthcare Service/Page_CURA Healthcare Service/input_Username_username'

2020-09-26 21:40:02 - [MESSAGE][PASSED] - Text 'John Doe' is set on object 'Object Repository/Page_CURA Healthcare Service/Page_CURA Healthcare Service/input_Username_username'

2020-09-26 21:40:02 - [TEST_STEP][PASSED] - rightClick(findTestObject("Object Repository/Page_CURA Healthcare Service/Page_CURA Healthcare Service/input_Password_password")): Object: 'Object Repository/Page_CURA Healthcare Service/Page_CURA Healthcare Service/input_Password_password' is right clicked on

2020-09-26 21:40:02 - [MESSAGE][PASSED] - Object: 'Object Repository/Page_CURA Healthcare Service/Page_CURA Healthcare Service/input_Password_password' is right clicked on

2020-09-26 21:40:02 - [TEST_STEP][PASSED] - click(findTestObject("Object Repository/Page_CURA Healthcare Service/Page_CURA Healthcare Service/button_Login")): Object: 'Object Repository/Page_CURA Healthcare Service/Page_CURA Healthcare Service/button_Login' is clicked on

2020-09-26 21:40:03 - [MESSAGE][PASSED] - Object: 'Object Repository/Page_CURA Healthcare Service/Page_CURA Healthcare Service/button_Login' is clicked on

2020-09-26 21:40:03 - [TEST_STEP][PASSED] - closeBrowser(): Browser is closed

2020-09-26 21:40:04 - [MESSAGE][PASSED] - Browser is closed]]></system-out>
         <system-err><![CDATA[]]></system-err>
      </testcase>
      <testcase name="Test Cases/TC_3" time="11.246" classname="Test Cases/TC_3" status="PASSED">
         <system-out><![CDATA[2020-09-26 21:40:04 - [TEST_CASE][PASSED] - Test Cases/TC_3: Test Cases/TC_3

2020-09-26 21:40:05 - [TEST_STEP][PASSED] - openBrowser(""): Browser is opened with url: ''

2020-09-26 21:40:05 - [MESSAGE][INFO] - Starting 'Chrome' driver

2020-09-26 21:40:05 - [MESSAGE][INFO] - Action delay is set to 0 milliseconds

2020-09-26 21:40:08 - [MESSAGE][PASSED] - Browser is opened with url: ''

2020-09-26 21:40:08 - [TEST_STEP][PASSED] - navigateToUrl("https://katalon-demo-cura.herokuapp.com/"): Navigate to 'https://katalon-demo-cura.herokuapp.com/' successfully

2020-09-26 21:40:12 - [MESSAGE][PASSED] - Navigate to 'https://katalon-demo-cura.herokuapp.com/' successfully

2020-09-26 21:40:12 - [TEST_STEP][PASSED] - click(findTestObject("Object Repository/a_Make Appointment")): Object: 'Object Repository/a_Make Appointment' is clicked on

2020-09-26 21:40:12 - [MESSAGE][PASSED] - Object: 'Object Repository/a_Make Appointment' is clicked on

2020-09-26 21:40:12 - [TEST_STEP][PASSED] - setText(findTestObject("Object Repository/input_Username_username"), "|||||||||"): Text '|||||||||' is set on object 'Object Repository/input_Username_username'

2020-09-26 21:40:13 - [MESSAGE][PASSED] - Text '|||||||||' is set on object 'Object Repository/input_Username_username'

2020-09-26 21:40:13 - [TEST_STEP][PASSED] - setEncryptedText(findTestObject("Object Repository/input_Password_password"), "g3/DOGG74jC3Flrr3yH+3D/yKbOqqUNM"): Text ****** has been set on object 'Object Repository/input_Password_password'

2020-09-26 21:40:14 - [MESSAGE][PASSED] - Text ****** has been set on object 'Object Repository/input_Password_password'

2020-09-26 21:40:14 - [TEST_STEP][PASSED] - click(findTestObject("Object Repository/button_Login")): Object: 'Object Repository/button_Login' is clicked on

2020-09-26 21:40:15 - [MESSAGE][PASSED] - Object: 'Object Repository/button_Login' is clicked on

2020-09-26 21:40:15 - [TEST_STEP][PASSED] - closeBrowser(): Browser is closed

2020-09-26 21:40:16 - [MESSAGE][PASSED] - Browser is closed]]></system-out>
         <system-err><![CDATA[]]></system-err>
      </testcase>
      <testcase name="Test Cases/TC_4" time="12.515" classname="Test Cases/TC_4" status="PASSED">
         <system-out><![CDATA[2020-09-26 21:40:16 - [TEST_CASE][PASSED] - Test Cases/TC_4: Test Cases/TC_4

2020-09-26 21:40:16 - [TEST_STEP][PASSED] - openBrowser(""): Browser is opened with url: ''

2020-09-26 21:40:16 - [MESSAGE][INFO] - Starting 'Chrome' driver

2020-09-26 21:40:16 - [MESSAGE][INFO] - Action delay is set to 0 milliseconds

2020-09-26 21:40:19 - [MESSAGE][PASSED] - Browser is opened with url: ''

2020-09-26 21:40:19 - [TEST_STEP][PASSED] - navigateToUrl("https://katalon-demo-cura.herokuapp.com/"): Navigate to 'https://katalon-demo-cura.herokuapp.com/' successfully

2020-09-26 21:40:23 - [MESSAGE][PASSED] - Navigate to 'https://katalon-demo-cura.herokuapp.com/' successfully

2020-09-26 21:40:23 - [TEST_STEP][PASSED] - click(findTestObject("Object Repository/Page_CURA Healthcare Service/Page_CURA Healthcare Service/Page_CURA Healthcare Service/a_Make Appointment")): Object: 'Object Repository/Page_CURA Healthcare Service/Page_CURA Healthcare Service/Page_CURA Healthcare Service/a_Make Appointment' is clicked on

2020-09-26 21:40:24 - [MESSAGE][PASSED] - Object: 'Object Repository/Page_CURA Healthcare Service/Page_CURA Healthcare Service/Page_CURA Healthcare Service/a_Make Appointment' is clicked on

2020-09-26 21:40:24 - [TEST_STEP][PASSED] - setText(findTestObject("Object Repository/Page_CURA Healthcare Service/Page_CURA Healthcare Service/Page_CURA Healthcare Service/input_Username_username"), "-*.."): Text '-*..' is set on object 'Object Repository/Page_CURA Healthcare Service/Page_CURA Healthcare Service/Page_CURA Healthcare Service/input_Username_username'

2020-09-26 21:40:24 - [MESSAGE][PASSED] - Text '-*..' is set on object 'Object Repository/Page_CURA Healthcare Service/Page_CURA Healthcare Service/Page_CURA Healthcare Service/input_Username_username'

2020-09-26 21:40:24 - [TEST_STEP][PASSED] - setEncryptedText(findTestObject("Object Repository/Page_CURA Healthcare Service/Page_CURA Healthcare Service/Page_CURA Healthcare Service/input_Password_password"), "JcUyibFNH8IG4pJ7CJKCvQ=="): Text ****** has been set on object 'Object Repository/Page_CURA Healthcare Service/Page_CURA Healthcare Service/Page_CURA Healthcare Service/input_Password_password'

2020-09-26 21:40:25 - [MESSAGE][PASSED] - Text ****** has been set on object 'Object Repository/Page_CURA Healthcare Service/Page_CURA Healthcare Service/Page_CURA Healthcare Service/input_Password_password'

2020-09-26 21:40:25 - [TEST_STEP][PASSED] - click(findTestObject("Object Repository/Page_CURA Healthcare Service/Page_CURA Healthcare Service/Page_CURA Healthcare Service/button_Login")): Object: 'Object Repository/Page_CURA Healthcare Service/Page_CURA Healthcare Service/Page_CURA Healthcare Service/button_Login' is clicked on

2020-09-26 21:40:26 - [MESSAGE][PASSED] - Object: 'Object Repository/Page_CURA Healthcare Service/Page_CURA Healthcare Service/Page_CURA Healthcare Service/button_Login' is clicked on

2020-09-26 21:40:26 - [TEST_STEP][PASSED] - setEncryptedText(findTestObject("Object Repository/Page_CURA Healthcare Service/Page_CURA Healthcare Service/Page_CURA Healthcare Service/input_Password_password"), "g3/DOGG74jC3Flrr3yH+3ECxfRf6+8+O"): Text ****** has been set on object 'Object Repository/Page_CURA Healthcare Service/Page_CURA Healthcare Service/Page_CURA Healthcare Service/input_Password_password'

2020-09-26 21:40:27 - [MESSAGE][PASSED] - Text ****** has been set on object 'Object Repository/Page_CURA Healthcare Service/Page_CURA Healthcare Service/Page_CURA Healthcare Service/input_Password_password'

2020-09-26 21:40:27 - [TEST_STEP][PASSED] - click(findTestObject("Object Repository/Page_CURA Healthcare Service/Page_CURA Healthcare Service/Page_CURA Healthcare Service/button_Login")): Object: 'Object Repository/Page_CURA Healthcare Service/Page_CURA Healthcare Service/Page_CURA Healthcare Service/button_Login' is clicked on

2020-09-26 21:40:28 - [MESSAGE][PASSED] - Object: 'Object Repository/Page_CURA Healthcare Service/Page_CURA Healthcare Service/Page_CURA Healthcare Service/button_Login' is clicked on

2020-09-26 21:40:28 - [TEST_STEP][PASSED] - closeBrowser(): Browser is closed

2020-09-26 21:40:28 - [MESSAGE][PASSED] - Browser is closed]]></system-out>
         <system-err><![CDATA[]]></system-err>
      </testcase>
      <testcase name="Test Cases/TC_5" time="19.047" classname="Test Cases/TC_5" status="PASSED">
         <system-out><![CDATA[2020-09-26 21:40:28 - [TEST_CASE][PASSED] - Test Cases/TC_5: Test Cases/TC_5

2020-09-26 21:40:29 - [TEST_STEP][PASSED] - openBrowser(""): Browser is opened with url: ''

2020-09-26 21:40:29 - [MESSAGE][INFO] - Starting 'Chrome' driver

2020-09-26 21:40:29 - [MESSAGE][INFO] - Action delay is set to 0 milliseconds

2020-09-26 21:40:32 - [MESSAGE][PASSED] - Browser is opened with url: ''

2020-09-26 21:40:32 - [TEST_STEP][PASSED] - navigateToUrl("https://katalon-demo-cura.herokuapp.com/"): Navigate to 'https://katalon-demo-cura.herokuapp.com/' successfully

2020-09-26 21:40:35 - [MESSAGE][PASSED] - Navigate to 'https://katalon-demo-cura.herokuapp.com/' successfully

2020-09-26 21:40:35 - [TEST_STEP][PASSED] - doubleClick(findTestObject("Object Repository/Page_CURA Healthcare Service/Page_CURA Healthcare Service/Page_CURA Healthcare Service/Page_CURA Healthcare Service/a_Make Appointment")): Object: 'Object Repository/Page_CURA Healthcare Service/Page_CURA Healthcare Service/Page_CURA Healthcare Service/Page_CURA Healthcare Service/a_Make Appointment' is double clicked on

2020-09-26 21:40:36 - [MESSAGE][PASSED] - Object: 'Object Repository/Page_CURA Healthcare Service/Page_CURA Healthcare Service/Page_CURA Healthcare Service/Page_CURA Healthcare Service/a_Make Appointment' is double clicked on

2020-09-26 21:40:36 - [TEST_STEP][PASSED] - doubleClick(findTestObject("Object Repository/Page_CURA Healthcare Service/Page_CURA Healthcare Service/Page_CURA Healthcare Service/Page_CURA Healthcare Service/button_Login")): Object: 'Object Repository/Page_CURA Healthcare Service/Page_CURA Healthcare Service/Page_CURA Healthcare Service/Page_CURA Healthcare Service/button_Login' is double clicked on

2020-09-26 21:40:37 - [MESSAGE][PASSED] - Object: 'Object Repository/Page_CURA Healthcare Service/Page_CURA Healthcare Service/Page_CURA Healthcare Service/Page_CURA Healthcare Service/button_Login' is double clicked on

2020-09-26 21:40:37 - [TEST_STEP][PASSED] - click(findTestObject("Object Repository/Page_CURA Healthcare Service/Page_CURA Healthcare Service/Page_CURA Healthcare Service/Page_CURA Healthcare Service/button_Login")): Object: 'Object Repository/Page_CURA Healthcare Service/Page_CURA Healthcare Service/Page_CURA Healthcare Service/Page_CURA Healthcare Service/button_Login' is clicked on

2020-09-26 21:40:38 - [MESSAGE][PASSED] - Object: 'Object Repository/Page_CURA Healthcare Service/Page_CURA Healthcare Service/Page_CURA Healthcare Service/Page_CURA Healthcare Service/button_Login' is clicked on

2020-09-26 21:40:38 - [TEST_STEP][PASSED] - click(findTestObject("Object Repository/Page_CURA Healthcare Service/Page_CURA Healthcare Service/Page_CURA Healthcare Service/Page_CURA Healthcare Service/button_Login")): Object: 'Object Repository/Page_CURA Healthcare Service/Page_CURA Healthcare Service/Page_CURA Healthcare Service/Page_CURA Healthcare Service/button_Login' is clicked on

2020-09-26 21:40:40 - [MESSAGE][PASSED] - Object: 'Object Repository/Page_CURA Healthcare Service/Page_CURA Healthcare Service/Page_CURA Healthcare Service/Page_CURA Healthcare Service/button_Login' is clicked on

2020-09-26 21:40:40 - [TEST_STEP][PASSED] - click(findTestObject("Object Repository/Page_CURA Healthcare Service/Page_CURA Healthcare Service/Page_CURA Healthcare Service/Page_CURA Healthcare Service/button_Login")): Object: 'Object Repository/Page_CURA Healthcare Service/Page_CURA Healthcare Service/Page_CURA Healthcare Service/Page_CURA Healthcare Service/button_Login' is clicked on

2020-09-26 21:40:41 - [MESSAGE][PASSED] - Object: 'Object Repository/Page_CURA Healthcare Service/Page_CURA Healthcare Service/Page_CURA Healthcare Service/Page_CURA Healthcare Service/button_Login' is clicked on

2020-09-26 21:40:41 - [TEST_STEP][PASSED] - click(findTestObject("Object Repository/Page_CURA Healthcare Service/Page_CURA Healthcare Service/Page_CURA Healthcare Service/Page_CURA Healthcare Service/button_Login")): Object: 'Object Repository/Page_CURA Healthcare Service/Page_CURA Healthcare Service/Page_CURA Healthcare Service/Page_CURA Healthcare Service/button_Login' is clicked on

2020-09-26 21:40:42 - [MESSAGE][PASSED] - Object: 'Object Repository/Page_CURA Healthcare Service/Page_CURA Healthcare Service/Page_CURA Healthcare Service/Page_CURA Healthcare Service/button_Login' is clicked on

2020-09-26 21:40:42 - [TEST_STEP][PASSED] - click(findTestObject("Object Repository/Page_CURA Healthcare Service/Page_CURA Healthcare Service/Page_CURA Healthcare Service/Page_CURA Healthcare Service/button_Login")): Object: 'Object Repository/Page_CURA Healthcare Service/Page_CURA Healthcare Service/Page_CURA Healthcare Service/Page_CURA Healthcare Service/button_Login' is clicked on

2020-09-26 21:40:43 - [MESSAGE][PASSED] - Object: 'Object Repository/Page_CURA Healthcare Service/Page_CURA Healthcare Service/Page_CURA Healthcare Service/Page_CURA Healthcare Service/button_Login' is clicked on

2020-09-26 21:40:43 - [TEST_STEP][PASSED] - rightClick(findTestObject("Object Repository/Page_CURA Healthcare Service/Page_CURA Healthcare Service/Page_CURA Healthcare Service/Page_CURA Healthcare Service/button_Login")): Object: 'Object Repository/Page_CURA Healthcare Service/Page_CURA Healthcare Service/Page_CURA Healthcare Service/Page_CURA Healthcare Service/button_Login' is right clicked on

2020-09-26 21:40:43 - [MESSAGE][PASSED] - Object: 'Object Repository/Page_CURA Healthcare Service/Page_CURA Healthcare Service/Page_CURA Healthcare Service/Page_CURA Healthcare Service/button_Login' is right clicked on

2020-09-26 21:40:43 - [TEST_STEP][PASSED] - rightClick(findTestObject("Object Repository/Page_CURA Healthcare Service/Page_CURA Healthcare Service/Page_CURA Healthcare Service/Page_CURA Healthcare Service/button_Login")): Object: 'Object Repository/Page_CURA Healthcare Service/Page_CURA Healthcare Service/Page_CURA Healthcare Service/Page_CURA Healthcare Service/button_Login' is right clicked on

2020-09-26 21:40:44 - [MESSAGE][PASSED] - Object: 'Object Repository/Page_CURA Healthcare Service/Page_CURA Healthcare Service/Page_CURA Healthcare Service/Page_CURA Healthcare Service/button_Login' is right clicked on

2020-09-26 21:40:44 - [TEST_STEP][PASSED] - click(findTestObject("Object Repository/Page_CURA Healthcare Service/Page_CURA Healthcare Service/Page_CURA Healthcare Service/Page_CURA Healthcare Service/div_Login")): Object: 'Object Repository/Page_CURA Healthcare Service/Page_CURA Healthcare Service/Page_CURA Healthcare Service/Page_CURA Healthcare Service/div_Login' is clicked on

2020-09-26 21:40:44 - [MESSAGE][PASSED] - Object: 'Object Repository/Page_CURA Healthcare Service/Page_CURA Healthcare Service/Page_CURA Healthcare Service/Page_CURA Healthcare Service/div_Login' is clicked on

2020-09-26 21:40:44 - [TEST_STEP][PASSED] - setText(findTestObject("Object Repository/Page_CURA Healthcare Service/Page_CURA Healthcare Service/Page_CURA Healthcare Service/Page_CURA Healthcare Service/input_Username_username"), "aaaaaaaaa"): Text 'aaaaaaaaa' is set on object 'Object Repository/Page_CURA Healthcare Service/Page_CURA Healthcare Service/Page_CURA Healthcare Service/Page_CURA Healthcare Service/input_Username_username'

2020-09-26 21:40:45 - [MESSAGE][PASSED] - Text 'aaaaaaaaa' is set on object 'Object Repository/Page_CURA Healthcare Service/Page_CURA Healthcare Service/Page_CURA Healthcare Service/Page_CURA Healthcare Service/input_Username_username'

2020-09-26 21:40:45 - [TEST_STEP][PASSED] - setEncryptedText(findTestObject("Object Repository/Page_CURA Healthcare Service/Page_CURA Healthcare Service/Page_CURA Healthcare Service/Page_CURA Healthcare Service/input_Password_password"), "ecCRzUxU9HjBZy3999Ecbw=="): Text ****** has been set on object 'Object Repository/Page_CURA Healthcare Service/Page_CURA Healthcare Service/Page_CURA Healthcare Service/Page_CURA Healthcare Service/input_Password_password'

2020-09-26 21:40:46 - [MESSAGE][PASSED] - Text ****** has been set on object 'Object Repository/Page_CURA Healthcare Service/Page_CURA Healthcare Service/Page_CURA Healthcare Service/Page_CURA Healthcare Service/input_Password_password'

2020-09-26 21:40:46 - [TEST_STEP][PASSED] - click(findTestObject("Object Repository/Page_CURA Healthcare Service/Page_CURA Healthcare Service/Page_CURA Healthcare Service/Page_CURA Healthcare Service/button_Login")): Object: 'Object Repository/Page_CURA Healthcare Service/Page_CURA Healthcare Service/Page_CURA Healthcare Service/Page_CURA Healthcare Service/button_Login' is clicked on

2020-09-26 21:40:47 - [MESSAGE][PASSED] - Object: 'Object Repository/Page_CURA Healthcare Service/Page_CURA Healthcare Service/Page_CURA Healthcare Service/Page_CURA Healthcare Service/button_Login' is clicked on

2020-09-26 21:40:47 - [TEST_STEP][PASSED] - closeBrowser(): Browser is closed

2020-09-26 21:40:47 - [MESSAGE][PASSED] - Browser is closed]]></system-out>
         <system-err><![CDATA[]]></system-err>
      </testcase>
      <system-out><![CDATA[2020-09-26 21:39:39 - [TEST_SUITE][PASSED] - Tests: Test Cases/TC_5]]></system-out>
      <system-err><![CDATA[]]></system-err>
   </testsuite>
</testsuites>
